<?xml version="1.0" encoding="UTF-8"?>
<!-- Generated by org.testng.reporters.JUnitXMLReporter -->
<testsuite hostname="ALTHAF" name="Test" tests="1" failures="1" timestamp="30 Oct 2020 16:53:04 GMT" time="145.849" errors="0">
  <testcase name="test" time="121.593" classname="TestCases.Amazon">
    <failure type="java.lang.AssertionError" message="expected [some text] but found [Urban Ladder Zephyr 65&amp;quot; TV Unit (Finish : Mahogany)]">
      <![CDATA[java.lang.AssertionError: expected [some text] but found [Urban Ladder Zephyr 65" TV Unit (Finish : Mahogany)]
	at framework.NativeDriver.assertEqual(NativeDriver.java:270)
	at TestCases.Amazon.test(Amazon.java:38)
... Removed 29 stack frames]]>
    </failure>
  </testcase> <!-- test -->
</testsuite> <!-- Test -->
